1649,1651d1648
<                   resources:
<                     requests:
<                       memory: 4Gi
1655d1651
<                       size: 10Gi
1721d1716
<                 replicas: 1
2144,2166d2138
<               advanced:
<                 alertmanager:
<                   replicas: 1
<                 grafana:
<                   replicas: 1
<                 observatoriumAPI:
<                   replicas: 1
<                 query:
<                   replicas: 1
<                 queryFrontend:
<                   replicas: 1
<                 queryFrontendMemcached:
<                   replicas: 1
<                 rbacQueryProxy:
<                   replicas: 1
<                 receive:
<                   replicas: 1
<                 rule:
<                   replicas: 1
<                 store:
<                   replicas: 1
<                 storeMemcached:
<                   replicas: 1
2364,2382d2335
<               multiCloudGateway:
<                 reconcileStrategy: ignore
<               resources:
<                 mds:
<                   requests:
<                     cpu: "500m"
<                     memory: 1Gi
<                 rgw:
<                   requests:
<                     cpu: "500m"
<                     memory: 1Gi
<                 mon:
<                   requests:
<                     cpu: "500m"
<                     memory: 1Gi
<                 mgr:
<                   requests:
<                     cpu: "500m"
<                     memory: 1Gi
2439,2442d2391
<                 resources:
<                   requests:
<                     cpu: "1"
<                     memory: 1536Mi
2749a2699,2702
>               - kind: clairpostgres
>                 managed: false
>               - kind: postgres
>                 managed: false
2754,2764c2707
<               - kind: objectstorage
<                 managed: false
<               - kind: quay
<                 managed: true
<                 overrides:
<                   replicas: 1
<                   resources:
<                     requests:
<                       cpu: "1"
<                       memory: 2Gi
<               configBundleSecret: init-config-bundle-secret
---
>               configBundleSecret: quay-config-bundle
